Arguments: 
  /usr/local/bin/node /usr/local/bin/yarn

PATH: 
  /home/torben/.vscode-server/bin/d045a5eda657f4d7b676dedbfa7aab8207f8a075/bin/remote-cli:/usr/local/sbin:/usr/local/bin:/usr/sbin:/usr/bin:/sbin:/bin:/usr/games:/usr/local/games:/usr/lib/wsl/lib:/mnt/c/Python310/Scripts/:/mnt/c/Python310/:/mnt/c/Windows/System32:/mnt/c/Windows:/mnt/c/Windows/System32/wbem:/mnt/c/Windows/System32/WindowsPowerShell/v1.0/:/mnt/c/Windows/System32/OpenSSH/:/mnt/c/Program Files/Git/cmd:/mnt/c/Program Files/Docker/Docker/resources/bin:/mnt/c/ProgramData/DockerDesktop/version-bin:/mnt/c/Program Files/nodejs/:/mnt/c/ProgramData/chocolatey/bin:/mnt/c/Program Files (x86)/GnuPG/bin:/mnt/c/Program Files (x86)/Yarn/bin/:/mnt/c/Users/TorbenKöhn/AppData/Local/Microsoft/WindowsApps:/mnt/c/Users/TorbenKöhn/AppData/Local/Programs/Microsoft VS Code/bin:/mnt/c/Users/TorbenKöhn/AppData/Roaming/npm:/mnt/c/Users/TorbenKöhn/AppData/Local/Yarn/bin:/mnt/c/Users/TorbenKöhn/AppData/Local/Programs/Microsoft VS Code/bin:/snap/bin:/home/torben/repositories/univention/toolshed:/home/torben/repositories/univention/toolshed/VCS:/home/torben/repositories/univention/toolshed/LDAP:/home/torben/repositories/univention/toolshed/kvm-tools

Yarn version: 
  1.22.19

Node version: 
  16.17.1

Platform: 
  linux x64

Trace: 
  Error: getaddrinfo EAI_AGAIN registry.yarnpkg.com
      at GetAddrInfoReqWrap.onlookup [as oncomplete] (node:dns:109:26)

npm manifest: 
  {
    "name": "@stackmeister/nanic",
    "version": "0.1.0",
    "license": "MIT",
    "main": "esm/cli/main.js",
    "type": "module",
    "types": "esm/index.d.ts",
    "scripts": {
      "build": "tsc && babel src --out-dir cjs --extensions .ts,.tsx --delete-dir-on-start && tsc --emitDeclarationOnly --declarationDir cjs",
      "test": "jest --passWithNoTests --collectCoverage",
      "lint": "eslint \"src/**/*.ts\"",
      "lint:fix": "eslint \"src/**/*.ts\" --fix",
      "release": "yarn publish",
      "upgrade:latest": "npx npm-check-updates -u"
    },
    "bin": {
      "nanic": "esm/cli/main.js"
    },
    "dependencies": {
      "@stackmeister/types": "^0.1.7",
      "cli-highlight": "^2.1.11",
      "commander": "^9.4.1",
      "debug": "^4.3.4",
      "expression-eval": "^5.0.0",
      "glob": "^8.0.3",
      "install": "^0.13.0",
      "npm": "^9.2.0",
      "path-to-regexp": "^6.2.1",
      "yaml": "^2.1.3"
    },
    "devDependencies": {
      "@types/debug": "^4.1.7",
      "@types/glob": "^8.0.0",
      "@types/jest": "^29.2.2",
      "@types/node": "^18.11.9",
      "@typescript-eslint/eslint-plugin": "^5.42.1",
      "@typescript-eslint/parser": "^5.42.1",
      "eslint": "^8.27.0",
      "eslint-config-prettier": "^8.5.0",
      "eslint-plugin-prefer-arrow-functions": "^3.1.4",
      "eslint-plugin-prettier": "^4.2.1",
      "jest": "^29.3.1",
      "prettier": "^2.7.1",
      "serve": "^14.1.1",
      "ts-jest": "^29.0.3",
      "typedoc": "^0.23.20",
      "typescript": "^4.8.4"
    },
    "repository": {
      "url": "git://github.com/StackmeisterGmbH/typescript-packages",
      "type": "git",
      "directory": "packages/clone"
    },
    "publishConfig": {
      "access": "public"
    }
  }

yarn manifest: 
  No manifest

Lockfile: 
  No lockfile
